<?xml version="1.0" encoding="UTF-8"?>
<!-- Generated by org.testng.reporters.JUnitReportReporter -->
<testsuite skipped="0" hostname="DESKTOP-P941LS7" name="mavenpractice.Mavenjava.AppiumTestcases" tests="2" failures="0" timestamp="28 Jul 2021 10:45:41 GMT" time="0.000" errors="0">
  <testcase name="AppleIOS" time="0.000" classname="mavenpractice.Mavenjava.AppiumTestcases"/>
  <testcase name="NativAppium" time="0.000" classname="mavenpractice.Mavenjava.AppiumTestcases"/>
</testsuite> <!-- mavenpractice.Mavenjava.AppiumTestcases -->
